Arguments: 
  C:\Program Files\nodejs\node.exe C:\Program Files (x86)\Yarn\bin\yarn.js add parcel-bundler babel-core babel-preset-env -D

PATH: 
  C:\Program Files (x86)\Common Files\Oracle\Java\javapath;C:\Program Files (x86)\Common Files\Intel\Shared Libraries\redist\intel64\compiler;C:\Windows\system32;C:\Windows;C:\Windows\System32\Wbem;C:\Windows\System32\WindowsPowerShell\v1.0\;C:\Windows\System32\OpenSSH\;C:\Program Files (x86)\NVIDIA Corporation\PhysX\Common;C:\Users\Grassper\AppData\Local\Microsoft\WindowsApps;C:\Users\Grassper\AppData\Local\Programs\Microsoft VS Code\bin;C:\Users\Grassper\AppData\Local\atom\bin;C:\adb;C:\WINDOWS\system32;C:\WINDOWS;C:\WINDOWS\System32\Wbem;C:\WINDOWS\System32\WindowsPowerShell\v1.0\;C:\WINDOWS\System32\OpenSSH\;C:\Program Files\NVIDIA Corporation\NVIDIA NvDLISR;C:\Users\Grassper\AppData\Roaming\nvm;C:\Program Files\nodejs;C:\Program Files\Java\jdk-12\bin;C:\Program Files (x86)\Yarn\bin\;C:\Program Files\Git\cmd;C:\Users\Grassper\AppData\Local\Programs\Python\Python39\Scripts\;C:\Users\Grassper\AppData\Local\Programs\Python\Python39\;C:\Program Files (x86)\Brackets\command;C:\Users\Grassper\AppData\Roaming\npm;C:\Program Files\heroku\bin;C:\Users\Grassper\adb;C:\ffmp;C:\Users\Grassper\AppData\Local\Microsoft\Wi

Yarn version: 
  1.22.5

Node version: 
  12.18.0

Platform: 
  win32 x64

Trace: 
  Error: getaddrinfo ENOTFOUND registry.yarnpkg.com
      at GetAddrInfoReqWrap.onlookup [as oncomplete] (dns.js:66:26)

npm manifest: 
  {
    "name": "keiko-corp",
    "version": "1.0.0",
    "description": "The greatest company ever created by Bruno",
    "main": "index.js",
    "scripts": {
      "test": "echo \"Error: no test specified\" && exit 1"
    },
    "repository": {
      "type": "git",
      "url": "git+https://github.com/Grassper/keiko-corp.git"
    },
    "keywords": [],
    "author": "",
    "license": "ISC",
    "bugs": {
      "url": "https://github.com/Grassper/keiko-corp/issues"
    },
    "homepage": "https://github.com/Grassper/keiko-corp#readme"
  }

yarn manifest: 
  No manifest

Lockfile: 
  No lockfile
